  Application.cpp
  Body.cpp
  Force.cpp
  main.cpp
C:\Users\Lewis\source\repos\Colliding-Balls-Simulation\main.cpp(148,71): warning C4244: 'argument': conversion from 'double' to 'float', possible loss of data
C:\Users\Lewis\source\repos\Colliding-Balls-Simulation\main.cpp(148,68): warning C4244: 'argument': conversion from 'double' to 'float', possible loss of data
C:\Users\Lewis\source\repos\Colliding-Balls-Simulation\main.cpp(237,20): warning C4244: 'initializing': conversion from 'double' to 'float', possible loss of data
C:\Users\Lewis\source\repos\Colliding-Balls-Simulation\main.cpp(264,19): warning C4244: 'argument': conversion from 'double' to 'GLfloat', possible loss of data
  Mesh.cpp
C:\Users\Lewis\source\repos\Colliding-Balls-Simulation\Mesh.cpp(301,14): warning C4996: 'fscanf': This function or variable may be unsafe. Consider using fscanf_s instead. To disable deprecation, use _CRT_SECURE_NO_WARNINGS. See online help for details.
  OBJLoader.cpp
C:\Users\Lewis\source\repos\Colliding-Balls-Simulation\OBJLoader.cpp(378,13): warning C4244: 'return': conversion from 'double' to 'float', possible loss of data
  Particle.cpp
  RigidBody.cpp
  Generating Code...
LINK : warning LNK4098: defaultlib 'LIBCMT' conflicts with use of other libs; use /NODEFAULTLIB:library
LINK : warning LNK4098: defaultlib 'MSVCRT' conflicts with use of other libs; use /NODEFAULTLIB:library
LINK : warning LNK4217: symbol '___glewBindBuffer' defined in 'glew32s.lib(glew.obj)' is imported by 'Mesh.obj' in function '"public: void __thiscall Mesh::InitMesh(class IndexedModel const &)" (?InitMesh@Mesh@@QAEXABVIndexedModel@@@Z)'
LINK : warning LNK4217: symbol '___glewBufferData' defined in 'glew32s.lib(glew.obj)' is imported by 'Mesh.obj' in function '"public: void __thiscall Mesh::InitMesh(class IndexedModel const &)" (?InitMesh@Mesh@@QAEXABVIndexedModel@@@Z)'
LINK : warning LNK4217: symbol '___glewGenBuffers' defined in 'glew32s.lib(glew.obj)' is imported by 'Mesh.obj' in function '"public: void __thiscall Mesh::InitMesh(class IndexedModel const &)" (?InitMesh@Mesh@@QAEXABVIndexedModel@@@Z)'
LINK : warning LNK4217: symbol '___glewEnableVertexAttribArray' defined in 'glew32s.lib(glew.obj)' is imported by 'Mesh.obj' in function '"public: void __thiscall Mesh::InitMesh(class IndexedModel const &)" (?InitMesh@Mesh@@QAEXABVIndexedModel@@@Z)'
LINK : warning LNK4217: symbol '___glewVertexAttribPointer' defined in 'glew32s.lib(glew.obj)' is imported by 'Mesh.obj' in function '"public: void __thiscall Mesh::InitMesh(class IndexedModel const &)" (?InitMesh@Mesh@@QAEXABVIndexedModel@@@Z)'
LINK : warning LNK4217: symbol '___glewBindVertexArray' defined in 'glew32s.lib(glew.obj)' is imported by 'Mesh.obj' in function '"public: void __thiscall Mesh::InitMesh(class IndexedModel const &)" (?InitMesh@Mesh@@QAEXABVIndexedModel@@@Z)'
LINK : warning LNK4217: symbol '___glewGenVertexArrays' defined in 'glew32s.lib(glew.obj)' is imported by 'Mesh.obj' in function '"public: void __thiscall Mesh::InitMesh(class IndexedModel const &)" (?InitMesh@Mesh@@QAEXABVIndexedModel@@@Z)'
glew32s.lib(glew.obj) : warning LNK4099: PDB '' was not found with 'glew32s.lib(glew.obj)' or at ''; linking object as if no debug info
  simulation.vcxproj -> C:\Users\Lewis\source\repos\Colliding-Balls-Simulation\Debug\simulation.exe
